\BOOKMARK [1][-]{section.1}{\376\377\000\111\000\156\000\164\000\162\000\157\000\144\000\165\000\143\000\164\000\151\000\157\000\156}{}% 1
\BOOKMARK [2][-]{subsection.1.1}{\376\377\000\117\000\166\000\145\000\162\000\166\000\151\000\145\000\167}{section.1}% 2
\BOOKMARK [2][-]{subsection.1.2}{\376\377\000\124\000\145\000\143\000\150\000\156\000\151\000\143\000\141\000\154\000\040\000\115\000\157\000\164\000\151\000\166\000\141\000\164\000\151\000\157\000\156}{section.1}% 3
\BOOKMARK [2][-]{subsection.1.3}{\376\377\000\103\000\157\000\156\000\164\000\162\000\151\000\142\000\165\000\164\000\151\000\157\000\156\000\163}{section.1}% 4
\BOOKMARK [2][-]{subsection.1.4}{\376\377\000\117\000\165\000\164\000\154\000\151\000\156\000\145}{section.1}% 5
\BOOKMARK [1][-]{section.2}{\376\377\000\122\000\145\000\154\000\141\000\164\000\145\000\144\000\040\000\127\000\157\000\162\000\153}{}% 6
\BOOKMARK [1][-]{section.3}{\376\377\000\102\000\141\000\143\000\153\000\147\000\162\000\157\000\165\000\156\000\144}{}% 7
\BOOKMARK [2][-]{subsection.3.1}{\376\377\000\120\000\117\000\111\000\040\000\162\000\145\000\143\000\157\000\155\000\155\000\145\000\156\000\144\000\141\000\164\000\151\000\157\000\156\000\040\000\163\000\171\000\163\000\164\000\145\000\155}{section.3}% 8
\BOOKMARK [3][-]{subsubsection.3.1.1}{\376\377\000\125\000\163\000\145\000\162\000\040\000\163\000\151\000\155\000\151\000\154\000\141\000\162\000\151\000\164\000\171\000\040\000\143\000\157\000\154\000\154\000\141\000\142\000\157\000\162\000\141\000\164\000\151\000\166\000\145\000\040\000\146\000\151\000\154\000\164\000\145\000\162\000\151\000\156\000\147}{subsection.3.1}% 9
\BOOKMARK [3][-]{subsubsection.3.1.2}{\376\377\000\106\000\162\000\151\000\145\000\156\000\144\000\040\000\162\000\145\000\154\000\141\000\164\000\151\000\157\000\156\000\163\000\150\000\151\000\160\000\040\000\143\000\157\000\154\000\154\000\141\000\142\000\157\000\162\000\141\000\164\000\151\000\166\000\145\000\040\000\146\000\151\000\154\000\164\000\145\000\162\000\151\000\156\000\147}{subsection.3.1}% 10
\BOOKMARK [3][-]{subsubsection.3.1.3}{\376\377\000\107\000\145\000\157\000\147\000\162\000\141\000\160\000\150\000\151\000\143\000\141\000\154\000\040\000\154\000\157\000\143\000\141\000\164\000\151\000\157\000\156\000\040\000\146\000\141\000\143\000\164\000\157\000\162}{subsection.3.1}% 11
\BOOKMARK [3][-]{subsubsection.3.1.4}{\376\377\000\117\000\166\000\145\000\162\000\141\000\154\000\154\000\040\000\120\000\117\000\111\000\040\000\146\000\141\000\143\000\164\000\157\000\162\000\163}{subsection.3.1}% 12
\BOOKMARK [2][-]{subsection.3.2}{\376\377\000\104\000\151\000\146\000\146\000\145\000\162\000\145\000\156\000\164\000\151\000\141\000\154\000\040\000\160\000\162\000\151\000\166\000\141\000\143\000\171}{section.3}% 13
\BOOKMARK [2][-]{subsection.3.3}{\376\377\000\101\000\164\000\164\000\141\000\143\000\153\000\151\000\156\000\147\000\040\000\160\000\162\000\151\000\166\000\141\000\143\000\171\000\040\000\155\000\157\000\144\000\145\000\154}{section.3}% 14
\BOOKMARK [3][-]{subsubsection.3.3.1}{\376\377\000\107\000\145\000\157\000\147\000\162\000\141\000\160\000\150\000\151\000\143\000\141\000\154\000\040\000\141\000\164\000\164\000\141\000\143\000\153\000\151\000\156\000\147\000\040\000\155\000\157\000\144\000\145\000\154}{subsection.3.3}% 15
\BOOKMARK [3][-]{subsubsection.3.3.2}{\376\377\000\106\000\162\000\151\000\145\000\156\000\144\000\040\000\162\000\145\000\154\000\141\000\164\000\151\000\157\000\156\000\163\000\150\000\151\000\160\000\040\000\141\000\164\000\164\000\141\000\143\000\153\000\151\000\156\000\147\000\040\000\155\000\157\000\144\000\145\000\154}{subsection.3.3}% 16
\BOOKMARK [1][-]{section.4}{\376\377\000\120\000\162\000\151\000\166\000\141\000\143\000\171\000\055\000\160\000\162\000\145\000\163\000\145\000\162\000\166\000\151\000\156\000\147\000\040\000\141\000\160\000\160\000\162\000\157\000\141\000\143\000\150\000\145\000\163}{}% 17
\BOOKMARK [2][-]{subsection.4.1}{\376\377\000\107\000\114\000\120\000\072\000\040\000\107\000\145\000\157\000\147\000\162\000\141\000\160\000\150\000\151\000\143\000\141\000\154\000\040\000\154\000\157\000\143\000\141\000\164\000\151\000\157\000\156\000\040\000\160\000\162\000\151\000\166\000\141\000\143\000\171\000\055\000\160\000\162\000\145\000\163\000\145\000\162\000\166\000\151\000\156\000\147\000\040\000\141\000\154\000\147\000\157\000\162\000\151\000\164\000\150\000\155}{section.4}% 18
\BOOKMARK [3][-]{subsubsection.4.1.1}{\376\377\000\063\000\060\000\101\000\040\000\162\000\054\000\040\000\150\000\063\000\060\000\102\000\040\000\055\000\120\000\162\000\151\000\166\000\141\000\143\000\171}{subsection.4.1}% 19
\BOOKMARK [3][-]{subsubsection.4.1.2}{\376\377\000\124\000\150\000\145\000\157\000\162\000\145\000\164\000\151\000\143\000\141\000\154\000\040\000\141\000\156\000\141\000\154\000\171\000\163\000\151\000\163\000\040\000\157\000\146\000\040\000\063\000\060\000\101\000\040\000\162\000\054\000\040\000\150\000\063\000\060\000\102\000\040\000\055\000\160\000\162\000\151\000\166\000\141\000\143\000\171}{subsection.4.1}% 20
\BOOKMARK [2][-]{subsection.4.2}{\376\377\000\106\000\122\000\120\000\072\000\040\000\106\000\162\000\151\000\145\000\156\000\144\000\040\000\162\000\145\000\154\000\141\000\164\000\151\000\157\000\156\000\163\000\150\000\151\000\160\000\040\000\160\000\162\000\151\000\166\000\141\000\143\000\171\000\055\000\160\000\162\000\145\000\163\000\145\000\162\000\166\000\151\000\156\000\147\000\040\000\141\000\154\000\147\000\157\000\162\000\151\000\164\000\150\000\155}{section.4}% 21
\BOOKMARK [3][-]{subsubsection.4.2.1}{\376\377\000\106\000\122\000\120\000\040\000\141\000\154\000\147\000\157\000\162\000\151\000\164\000\150\000\155}{subsection.4.2}% 22
\BOOKMARK [3][-]{subsubsection.4.2.2}{\376\377\000\124\000\150\000\145\000\157\000\162\000\145\000\164\000\151\000\143\000\141\000\154\000\040\000\141\000\156\000\141\000\154\000\171\000\163\000\151\000\163\000\040\000\157\000\146\000\040\000\106\000\122\000\120}{subsection.4.2}% 23
\BOOKMARK [2][-]{subsection.4.3}{\376\377\000\120\000\162\000\151\000\166\000\141\000\164\000\145\000\040\000\120\000\117\000\111\000\040\000\162\000\145\000\143\000\157\000\155\000\155\000\145\000\156\000\144\000\141\000\164\000\151\000\157\000\156\000\040\000\155\000\145\000\164\000\150\000\157\000\144}{section.4}% 24
\BOOKMARK [1][-]{section.5}{\376\377\000\105\000\155\000\160\000\151\000\162\000\151\000\143\000\141\000\154\000\040\000\123\000\164\000\165\000\144\000\171}{}% 25
\BOOKMARK [2][-]{subsection.5.1}{\376\377\000\105\000\170\000\160\000\145\000\162\000\151\000\155\000\145\000\156\000\164\000\040\000\163\000\145\000\164\000\165\000\160}{section.5}% 26
\BOOKMARK [3][-]{subsubsection.5.1.1}{\376\377\000\104\000\141\000\164\000\141\000\163\000\145\000\164\000\040\000\144\000\145\000\163\000\143\000\162\000\151\000\160\000\164\000\151\000\157\000\156}{subsection.5.1}% 27
\BOOKMARK [3][-]{subsubsection.5.1.2}{\376\377\000\105\000\166\000\141\000\154\000\165\000\141\000\164\000\151\000\157\000\156\000\040\000\155\000\145\000\164\000\162\000\151\000\143\000\163}{subsection.5.1}% 28
\BOOKMARK [3][-]{subsubsection.5.1.3}{\376\377\000\104\000\145\000\164\000\145\000\162\000\155\000\151\000\156\000\151\000\156\000\147\000\040\000\164\000\150\000\145\000\040\000\167\000\145\000\151\000\147\000\150\000\164\000\163\000\040\000\157\000\146\000\040\000\164\000\150\000\162\000\145\000\145\000\040\000\120\000\117\000\111\000\040\000\146\000\141\000\143\000\164\000\157\000\162\000\163}{subsection.5.1}% 29
\BOOKMARK [3][-]{subsubsection.5.1.4}{\376\377\000\104\000\145\000\164\000\145\000\162\000\155\000\151\000\156\000\151\000\156\000\147\000\040\000\164\000\150\000\145\000\040\000\162\000\141\000\144\000\151\000\165\000\163\000\040\000\151\000\156\000\040\000\164\000\150\000\145\000\040\000\107\000\114\000\120\000\040\000\141\000\154\000\147\000\157\000\162\000\151\000\164\000\150\000\155}{subsection.5.1}% 30
\BOOKMARK [2][-]{subsection.5.2}{\376\377\000\105\000\170\000\160\000\145\000\162\000\151\000\155\000\145\000\156\000\164\000\141\000\154\000\040\000\162\000\145\000\163\000\165\000\154\000\164\000\163}{section.5}% 31
\BOOKMARK [3][-]{subsubsection.5.2.1}{\376\377\000\127\000\145\000\151\000\147\000\150\000\164\000\163\000\040\000\157\000\146\000\040\000\120\000\117\000\111\000\040\000\146\000\141\000\143\000\164\000\157\000\162\000\163\000\040\000\167\000\150\000\145\000\156\000\040\000\113\000\075\000\065}{subsection.5.2}% 32
\BOOKMARK [3][-]{subsubsection.5.2.2}{\376\377\000\105\000\146\000\146\000\145\000\143\000\164\000\040\000\157\000\146\000\040\000\166\000\141\000\162\000\171\000\151\000\156\000\147\000\040\000\113}{subsection.5.2}% 33
\BOOKMARK [3][-]{subsubsection.5.2.3}{\376\377\000\105\000\146\000\146\000\145\000\143\000\164\000\040\000\157\000\146\000\040\000\166\000\141\000\162\000\171\000\151\000\156\000\147\000\040}{subsection.5.2}% 34
\BOOKMARK [1][-]{section.6}{\376\377\000\103\000\157\000\156\000\143\000\154\000\165\000\163\000\151\000\157\000\156\000\163\000\040\000\141\000\156\000\144\000\040\000\106\000\165\000\164\000\165\000\162\000\145\000\040\000\127\000\157\000\162\000\153}{}% 35
